app/build/outputs/logs/manifest-merger-debug-report.txt
-- Merging decision tree log ---
manifest
ADDED from src\main\AndroidManifest.xml:3:1-109:12
	package
		ADDED from src\main\AndroidManifest.xml:4:5-37
		INJECTED from src\main\AndroidManifest.xml
		INJECTED from src\main\AndroidManifest.xml
	android:sharedUserId
		ADDED from src\main\AndroidManifest.xml:5:5-46
	android:versionName
		INJECTED from src\main\AndroidManifest.xml
		INJECTED from src\main\AndroidManifest.xml
	xmlns:android
		ADDED from src\main\AndroidManifest.xml:3:11-69
	android:versionCode
		INJECTED from src\main\AndroidManifest.xml
		INJECTED from src\main\AndroidManifest.xml
uses-permission#android.permission.DISABLE_KEYGUARD
ADDED from src\main\AndroidManifest.xml:7:5-75
	android:name
		ADDED from src\main\AndroidManifest.xml:7:22-72
uses-permission#android.permission.WRITE_EXTERNAL_STORAGE
ADDED from src\main\AndroidManifest.xml:8:5-81
	android:name
		ADDED from src\main\AndroidManifest.xml:8:22-78
uses-permission#android.permission.READ_EXTERNAL_STORAGE
ADDED from src\main\AndroidManifest.xml:9:5-80
	android:name
		ADDED from src\main\AndroidManifest.xml:9:22-77
uses-permission#android.permission.RESTART_PACKAGES
ADDED from src\main\AndroidManifest.xml:10:5-91
	android:name
		ADDED from src\main\AndroidManifest.xml:10:22-72
uses-permission#android.permission.READ_FRAME_BUFFER
ADDED from src\main\AndroidManifest.xml:11:5-76
	android:name
		ADDED from src\main\AndroidManifest.xml:11:22-73
uses-permission#android.permission.MOUNT_UNMOUNT_FILESYSTEMS
ADDED from src\main\AndroidManifest.xml:12:5-84
	android:name
		ADDED from src\main\AndroidManifest.xml:12:22-81
uses-permission#android.permission.CAMERA
ADDED from src\main\AndroidManifest.xml:14:5-65
	android:name
		ADDED from src\main\AndroidManifest.xml:14:22-62
uses-permission#android.permission.WRITE_SETTINGS
ADDED from src\main\AndroidManifest.xml:15:5-73
	android:name
		ADDED from src\main\AndroidManifest.xml:15:22-70
uses-permission#android.permission.EXPAND_STATUS_BAR
ADDED from src\main\AndroidManifest.xml:16:5-76
	android:name
		ADDED from src\main\AndroidManifest.xml:16:22-73
uses-feature#android.hardware.camera
ADDED from src\main\AndroidManifest.xml:18:5-60
	android:name
		ADDED from src\main\AndroidManifest.xml:18:19-57
uses-feature#android.hardware.camera.autofocus
ADDED from src\main\AndroidManifest.xml:19:5-70
	android:name
		ADDED from src\main\AndroidManifest.xml:19:19-67
uses-permission#android.permission.ACCESS_NETWORK_STATE
ADDED from src\main\AndroidManifest.xml:21:5-79
	android:name
		ADDED from src\main\AndroidManifest.xml:21:22-76
uses-permission#android.permission.CHANGE_NETWORK_STATE
ADDED from src\main\AndroidManifest.xml:22:5-79
	android:name
		ADDED from src\main\AndroidManifest.xml:22:22-76
uses-permission#android.permission.ACCESS_WIFI_STATE
ADDED from src\main\AndroidManifest.xml:23:5-76
	android:name
		ADDED from src\main\AndroidManifest.xml:23:22-73
uses-permission#android.permission.MODIFY_PHONE_STATE
ADDED from src\main\AndroidManifest.xml:24:5-77
	android:name
		ADDED from src\main\AndroidManifest.xml:24:22-74
uses-permission#android.permission.MODIFY_AUDIO_SETTINGS
ADDED from src\main\AndroidManifest.xml:25:5-80
	android:name
		ADDED from src\main\AndroidManifest.xml:25:22-77
uses-permission#android.permission.SYSTEM_ALERT_WINDOW
ADDED from src\main\AndroidManifest.xml:26:5-78
	android:name
		ADDED from src\main\AndroidManifest.xml:26:22-75
uses-permission#android.permission.ACCESS_KEYGUARD_SECURE_STORAGE
ADDED from src\main\AndroidManifest.xml:27:5-89
	android:name
		ADDED from src\main\AndroidManifest.xml:27:22-86
application
ADDED from src\main\AndroidManifest.xml:30:5-104:19
MERGED from [com.android.support:appcompat-v7:23.0.1] AndroidManifest.xml:22:5-20
MERGED from [com.android.support:support-v4:23.0.1] AndroidManifest.xml:22:5-20
MERGED from [com.android.support:support-v4:23.0.1] AndroidManifest.xml:22:5-20
	android:label
		ADDED from src\main\AndroidManifest.xml:35:9-41
	android:supportsRtl
		ADDED from src\main\AndroidManifest.xml:36:9-49
	android:hardwareAccelerated
		ADDED from src\main\AndroidManifest.xml:33:9-43
	android:allowBackup
		ADDED from src\main\AndroidManifest.xml:32:9-35
	android:icon
		ADDED from src\main\AndroidManifest.xml:34:9-45
	android:theme
		ADDED from src\main\AndroidManifest.xml:37:9-40
	android:name
		ADDED from src\main\AndroidManifest.xml:31:9-56
activity#com.dollyphin.kidszone.startpage.StartPage
ADDED from src\main\AndroidManifest.xml:38:9-49:20
	android:launchMode
		ADDED from src\main\AndroidManifest.xml:40:13-44
	android:name
		ADDED from src\main\AndroidManifest.xml:39:13-48
intent-filter#android.intent.action.MAIN+android.intent.category.DEFAULT+android.intent.category.HOME_KIDSZONE+android.intent.category.LAUNCHER
ADDED from src\main\AndroidManifest.xml:41:13-47:29
action#android.intent.action.MAIN
ADDED from src\main\AndroidManifest.xml:42:17-69
	android:name
		ADDED from src\main\AndroidManifest.xml:42:25-66
category#android.intent.category.HOME_KIDSZONE
ADDED from src\main\AndroidManifest.xml:44:17-82
	android:name
		ADDED from src\main\AndroidManifest.xml:44:27-79
category#android.intent.category.DEFAULT
ADDED from src\main\AndroidManifest.xml:45:17-76
	android:name
		ADDED from src\main\AndroidManifest.xml:45:27-73
category#android.intent.category.LAUNCHER
ADDED from src\main\AndroidManifest.xml:46:17-77
	android:name
		ADDED from src\main\AndroidManifest.xml:46:27-74
activity#com.dollyphin.kidszone.home.KidsZoneHome
ADDED from src\main\AndroidManifest.xml:51:9-63:20
	android:clearTaskOnLaunch
		ADDED from src\main\AndroidManifest.xml:53:13-45
	android:stateNotNeeded
		ADDED from src\main\AndroidManifest.xml:57:13-42
	android:excludeFromRecents
		ADDED from src\main\AndroidManifest.xml:55:13-46
	android:launchMode
		ADDED from src\main\AndroidManifest.xml:56:13-44
	android:windowSoftInputMode
		ADDED from src\main\AndroidManifest.xml:59:13-64
	android:configChanges
		ADDED from src\main\AndroidManifest.xml:54:13-59
	android:theme
		ADDED from src\main\AndroidManifest.xml:58:13-53
	android:name
		ADDED from src\main\AndroidManifest.xml:52:13-46
intent-filter#android.intent.action.HOME_KiDSZONE
ADDED from src\main\AndroidManifest.xml:60:13-62:29
action#android.intent.action.HOME_KiDSZONE
ADDED from src\main\AndroidManifest.xml:61:17-78
	android:name
		ADDED from src\main\AndroidManifest.xml:61:25-75
activity#com.dollyphin.kidszone.parent.ParentalControlMode
ADDED from src\main\AndroidManifest.xml:64:9-67:67
	android:launchMode
		ADDED from src\main\AndroidManifest.xml:66:13-44
	android:windowSoftInputMode
		ADDED from src\main\AndroidManifest.xml:67:13-64
	android:name
		ADDED from src\main\AndroidManifest.xml:65:13-55
activity#com.dollyphin.kidszone.app.AppFilter
ADDED from src\main\AndroidManifest.xml:68:9-71:67
	android:windowSoftInputMode
		ADDED from src\main\AndroidManifest.xml:71:13-64
	android:theme
		ADDED from src\main\AndroidManifest.xml:70:13-54
	android:name
		ADDED from src\main\AndroidManifest.xml:69:13-42
activity#com.dollyphin.kidszone.parent.BackgroundActivity
ADDED from src\main\AndroidManifest.xml:72:9-75:67
	android:windowSoftInputMode
		ADDED from src\main\AndroidManifest.xml:75:13-64
	android:theme
		ADDED from src\main\AndroidManifest.xml:74:13-55
	android:name
		ADDED from src\main\AndroidManifest.xml:73:13-54
activity#com.dollyphin.kidszone.util.ChooseUserPhoto
ADDED from src\main\AndroidManifest.xml:76:9-78:58
	android:theme
		ADDED from src\main\AndroidManifest.xml:78:13-55
	android:name
		ADDED from src\main\AndroidManifest.xml:77:13-49
activity#com.dollyphin.kidszone.startpage.Shutdown
ADDED from src\main\AndroidManifest.xml:80:9-84:20
	android:screenOrientation
		ADDED from src\main\AndroidManifest.xml:83:13-49
	android:launchMode
		ADDED from src\main\AndroidManifest.xml:82:13-44
	android:name
		ADDED from src\main\AndroidManifest.xml:81:13-47
activity#com.dollyphin.kidszone.lockscreen.LockScreenActivity
ADDED from src\main\AndroidManifest.xml:86:9-92:67
	android:launchMode
		ADDED from src\main\AndroidManifest.xml:89:13-44
	android:windowSoftInputMode
		ADDED from src\main\AndroidManifest.xml:92:13-64
	android:configChanges
		ADDED from src\main\AndroidManifest.xml:88:13-74
	android:theme
		ADDED from src\main\AndroidManifest.xml:91:13-55
	android:taskAffinity
		ADDED from src\main\AndroidManifest.xml:90:13-36
	android:name
		ADDED from src\main\AndroidManifest.xml:87:13-58
receiver#com.dollyphin.kidszone.app.LocaleChangeReceiver
ADDED from src\main\AndroidManifest.xml:94:9-99:20
	android:name
		ADDED from src\main\AndroidManifest.xml:94:19-59
intent-filter#android.intent.action.BOOT_COMPLETED+android.intent.action.LOCALE_CHANGED
ADDED from src\main\AndroidManifest.xml:95:13-98:29
action#android.intent.action.LOCALE_CHANGED
ADDED from src\main\AndroidManifest.xml:96:17-79
	android:name
		ADDED from src\main\AndroidManifest.xml:96:25-76
action#android.intent.action.BOOT_COMPLETED
ADDED from src\main\AndroidManifest.xml:97:17-79
	android:name
		ADDED from src\main\AndroidManifest.xml:97:25-76
service#com.dollyphin.kidszone.app.LocaleService
ADDED from src\main\AndroidManifest.xml:101:9-103:19
	android:name
		ADDED from src\main\AndroidManifest.xml:101:18-51
action#kidszone.locale.change
ADDED from src\main\AndroidManifest.xml:102:13-61
	android:name
		ADDED from src\main\AndroidManifest.xml:102:21-58
protected-broadcast
ADDED from src\main\AndroidManifest.xml:106:5-85
	android:name
		ADDED from src\main\AndroidManifest.xml:106:26-82
uses-sdk
INJECTED from src\main\AndroidManifest.xml reason: use-sdk injection requested
MERGED from [com.android.support:appcompat-v7:23.0.1] AndroidManifest.xml:20:5-43
MERGED from [com.android.support:support-v4:23.0.1] AndroidManifest.xml:20:5-43
MERGED from [com.android.support:recyclerview-v7:23.0.1] AndroidManifest.xml:20:5-43
MERGED from [com.android.support:support-v4:23.0.1] AndroidManifest.xml:20:5-43
	android:targetSdkVersion
		INJECTED from src\main\AndroidManifest.xml
		INJECTED from src\main\AndroidManifest.xml
	android:minSdkVersion
		INJECTED from src\main\AndroidManifest.xml
		INJECTED from src\main\AndroidManifest.xml